0 info it worked if it ends with ok
1 verbose cli [ '/Users/miukki/.meteor/packages/meteor-tool/.1.4.1_1.16vitpk++os.osx.x86_64+web.browser+web.cordova/mt-os.osx.x86_64/dev_bundle/bin/node',
1 verbose cli   '/Users/miukki/.meteor/packages/meteor-tool/.1.4.1_1.16vitpk++os.osx.x86_64+web.browser+web.cordova/mt-os.osx.x86_64/dev_bundle/bin/npm',
1 verbose cli   'install',
1 verbose cli   '--save',
1 verbose cli   'bcrypt' ]
2 info using npm@3.10.6
3 info using node@v4.5.0
4 silly loadCurrentTree Starting
5 silly install loadCurrentTree
6 silly install readLocalPackageData
7 silly fetchPackageMetaData bcrypt
8 silly fetchNamedPackageData bcrypt
9 silly mapToRegistry name bcrypt
10 silly mapToRegistry using default registry
11 silly mapToRegistry registry https://registry.npmjs.org/
12 silly mapToRegistry data Result {
12 silly mapToRegistry   raw: 'bcrypt',
12 silly mapToRegistry   scope: null,
12 silly mapToRegistry   escapedName: 'bcrypt',
12 silly mapToRegistry   name: 'bcrypt',
12 silly mapToRegistry   rawSpec: '',
12 silly mapToRegistry   spec: 'latest',
12 silly mapToRegistry   type: 'tag' }
13 silly mapToRegistry uri https://registry.npmjs.org/bcrypt
14 verbose request uri https://registry.npmjs.org/bcrypt
15 verbose request no auth needed
16 info attempt registry request try #1 at 11:11:40 PM
17 verbose request id 6bd6fcd7fe0aed38
18 verbose etag "398F192FUE7FBCG521B59OFYJ"
19 http request GET https://registry.npmjs.org/bcrypt
20 info retry will retry, error on last attempt: Error: getaddrinfo ENOTFOUND registry.npmjs.org registry.npmjs.org:443
21 info attempt registry request try #2 at 11:12:21 PM
22 verbose etag "398F192FUE7FBCG521B59OFYJ"
23 http request GET https://registry.npmjs.org/bcrypt
24 info retry will retry, error on last attempt: Error: getaddrinfo ENOTFOUND registry.npmjs.org registry.npmjs.org:443
25 info attempt registry request try #3 at 11:13:51 PM
26 verbose etag "398F192FUE7FBCG521B59OFYJ"
27 http request GET https://registry.npmjs.org/bcrypt
28 silly get cb [ 304, undefined ]
29 verbose etag https://registry.npmjs.org/bcrypt from cache
30 verbose get saving bcrypt to /Users/miukki/.npm/registry.npmjs.org/bcrypt/.cache.json
31 verbose correctMkdir /Users/miukki/.npm correctMkdir not in flight; initializing
32 silly install normalizeTree
33 silly loadCurrentTree Finishing
34 silly loadIdealTree Starting
35 silly install loadIdealTree
36 silly cloneCurrentTree Starting
37 silly install cloneCurrentTreeToIdealTree
38 silly cloneCurrentTree Finishing
39 silly loadShrinkwrap Starting
40 silly install loadShrinkwrap
41 silly loadShrinkwrap Finishing
42 silly loadAllDepsIntoIdealTree Starting
43 silly install loadAllDepsIntoIdealTree
44 silly resolveWithNewModule bcrypt@0.8.7 checking installable status
45 silly cache add args [ 'bcrypt', null ]
46 verbose cache add spec bcrypt
47 silly cache add parsed spec Result {
47 silly cache add   raw: 'bcrypt',
47 silly cache add   scope: null,
47 silly cache add   escapedName: 'bcrypt',
47 silly cache add   name: 'bcrypt',
47 silly cache add   rawSpec: '',
47 silly cache add   spec: 'latest',
47 silly cache add   type: 'tag' }
48 silly addNamed bcrypt@latest
49 verbose addNamed "latest" is being treated as a dist-tag for bcrypt
50 info addNameTag [ 'bcrypt', 'latest' ]
51 silly mapToRegistry name bcrypt
52 silly mapToRegistry using default registry
53 silly mapToRegistry registry https://registry.npmjs.org/
54 silly mapToRegistry data Result {
54 silly mapToRegistry   raw: 'bcrypt',
54 silly mapToRegistry   scope: null,
54 silly mapToRegistry   escapedName: 'bcrypt',
54 silly mapToRegistry   name: 'bcrypt',
54 silly mapToRegistry   rawSpec: '',
54 silly mapToRegistry   spec: 'latest',
54 silly mapToRegistry   type: 'tag' }
55 silly mapToRegistry uri https://registry.npmjs.org/bcrypt
56 verbose addNameTag registry:https://registry.npmjs.org/bcrypt not in flight; fetching
57 verbose get https://registry.npmjs.org/bcrypt not expired, no request
58 silly addNameTag next cb for bcrypt with tag latest
59 silly addNamed bcrypt@0.8.7
60 verbose addNamed "0.8.7" is a plain semver version for bcrypt
61 silly cache afterAdd bcrypt@0.8.7
62 verbose afterAdd /Users/miukki/.npm/bcrypt/0.8.7/package/package.json not in flight; writing
63 verbose correctMkdir /Users/miukki/.npm correctMkdir not in flight; initializing
64 verbose afterAdd /Users/miukki/.npm/bcrypt/0.8.7/package/package.json written
65 silly fetchNamedPackageData bindings
66 silly mapToRegistry name bindings
67 silly mapToRegistry using default registry
68 silly mapToRegistry registry https://registry.npmjs.org/
69 silly mapToRegistry data Result {
69 silly mapToRegistry   raw: 'bindings',
69 silly mapToRegistry   scope: null,
69 silly mapToRegistry   escapedName: 'bindings',
69 silly mapToRegistry   name: 'bindings',
69 silly mapToRegistry   rawSpec: '',
69 silly mapToRegistry   spec: 'latest',
69 silly mapToRegistry   type: 'tag' }
70 silly mapToRegistry uri https://registry.npmjs.org/bindings
71 silly fetchNamedPackageData nan
72 silly mapToRegistry name nan
73 silly mapToRegistry using default registry
74 silly mapToRegistry registry https://registry.npmjs.org/
75 silly mapToRegistry data Result {
75 silly mapToRegistry   raw: 'nan',
75 silly mapToRegistry   scope: null,
75 silly mapToRegistry   escapedName: 'nan',
75 silly mapToRegistry   name: 'nan',
75 silly mapToRegistry   rawSpec: '',
75 silly mapToRegistry   spec: 'latest',
75 silly mapToRegistry   type: 'tag' }
76 silly mapToRegistry uri https://registry.npmjs.org/nan
77 verbose request uri https://registry.npmjs.org/bindings
78 verbose request no auth needed
79 info attempt registry request try #1 at 11:14:21 PM
80 verbose etag "33TX4J3DNTGF7K41ZUV6OA182"
81 http request GET https://registry.npmjs.org/bindings
82 verbose request uri https://registry.npmjs.org/nan
83 verbose request no auth needed
84 info attempt registry request try #1 at 11:14:21 PM
85 verbose etag "1OOZJAUMBQC59OINHZGMRRCSL"
86 http request GET https://registry.npmjs.org/nan
87 http 304 https://registry.npmjs.org/nan
88 verbose headers { date: 'Fri, 09 Sep 2016 15:14:50 GMT',
88 verbose headers   via: '1.1 varnish',
88 verbose headers   'cache-control': 'max-age=300',
88 verbose headers   etag: '"1OOZJAUMBQC59OINHZGMRRCSL"',
88 verbose headers   age: '117',
88 verbose headers   connection: 'keep-alive',
88 verbose headers   'x-served-by': 'cache-hkg6825-HKG',
88 verbose headers   'x-cache': 'HIT',
88 verbose headers   'x-cache-hits': '3',
88 verbose headers   'x-timer': 'S1473434090.573080,VS0,VE0',
88 verbose headers   vary: 'Accept-Encoding' }
89 silly get cb [ 304,
89 silly get   { date: 'Fri, 09 Sep 2016 15:14:50 GMT',
89 silly get     via: '1.1 varnish',
89 silly get     'cache-control': 'max-age=300',
89 silly get     etag: '"1OOZJAUMBQC59OINHZGMRRCSL"',
89 silly get     age: '117',
89 silly get     connection: 'keep-alive',
89 silly get     'x-served-by': 'cache-hkg6825-HKG',
89 silly get     'x-cache': 'HIT',
89 silly get     'x-cache-hits': '3',
89 silly get     'x-timer': 'S1473434090.573080,VS0,VE0',
89 silly get     vary: 'Accept-Encoding' } ]
90 verbose etag https://registry.npmjs.org/nan from cache
91 verbose get saving nan to /Users/miukki/.npm/registry.npmjs.org/nan/.cache.json
92 verbose correctMkdir /Users/miukki/.npm correctMkdir not in flight; initializing
93 silly resolveWithNewModule nan@2.3.5 checking installable status
94 silly cache add args [ 'nan@2.3.5', null ]
95 verbose cache add spec nan@2.3.5
96 silly cache add parsed spec Result {
96 silly cache add   raw: 'nan@2.3.5',
96 silly cache add   scope: null,
96 silly cache add   escapedName: 'nan',
96 silly cache add   name: 'nan',
96 silly cache add   rawSpec: '2.3.5',
96 silly cache add   spec: '2.3.5',
96 silly cache add   type: 'version' }
97 silly addNamed nan@2.3.5
98 verbose addNamed "2.3.5" is a plain semver version for nan
99 silly mapToRegistry name nan
100 silly mapToRegistry using default registry
101 silly mapToRegistry registry https://registry.npmjs.org/
102 silly mapToRegistry data Result {
102 silly mapToRegistry   raw: 'nan',
102 silly mapToRegistry   scope: null,
102 silly mapToRegistry   escapedName: 'nan',
102 silly mapToRegistry   name: 'nan',
102 silly mapToRegistry   rawSpec: '',
102 silly mapToRegistry   spec: 'latest',
102 silly mapToRegistry   type: 'tag' }
103 silly mapToRegistry uri https://registry.npmjs.org/nan
104 verbose addNameVersion registry:https://registry.npmjs.org/nan not in flight; fetching
105 http 304 https://registry.npmjs.org/bindings
106 verbose headers { date: 'Fri, 09 Sep 2016 15:14:50 GMT',
106 verbose headers   via: '1.1 varnish',
106 verbose headers   'cache-control': 'max-age=300',
106 verbose headers   etag: '"33TX4J3DNTGF7K41ZUV6OA182"',
106 verbose headers   age: '148',
106 verbose headers   connection: 'keep-alive',
106 verbose headers   'x-served-by': 'cache-hkg6824-HKG',
106 verbose headers   'x-cache': 'HIT',
106 verbose headers   'x-cache-hits': '2',
106 verbose headers   'x-timer': 'S1473434090.605782,VS0,VE0',
106 verbose headers   vary: 'Accept-Encoding' }
107 silly get cb [ 304,
107 silly get   { date: 'Fri, 09 Sep 2016 15:14:50 GMT',
107 silly get     via: '1.1 varnish',
107 silly get     'cache-control': 'max-age=300',
107 silly get     etag: '"33TX4J3DNTGF7K41ZUV6OA182"',
107 silly get     age: '148',
107 silly get     connection: 'keep-alive',
107 silly get     'x-served-by': 'cache-hkg6824-HKG',
107 silly get     'x-cache': 'HIT',
107 silly get     'x-cache-hits': '2',
107 silly get     'x-timer': 'S1473434090.605782,VS0,VE0',
107 silly get     vary: 'Accept-Encoding' } ]
108 verbose etag https://registry.npmjs.org/bindings from cache
109 verbose get saving bindings to /Users/miukki/.npm/registry.npmjs.org/bindings/.cache.json
110 verbose correctMkdir /Users/miukki/.npm correctMkdir not in flight; initializing
111 verbose get https://registry.npmjs.org/nan not expired, no request
112 silly resolveWithNewModule bindings@1.2.1 checking installable status
113 silly cache add args [ 'bindings@1.2.1', null ]
114 verbose cache add spec bindings@1.2.1
115 silly cache add parsed spec Result {
115 silly cache add   raw: 'bindings@1.2.1',
115 silly cache add   scope: null,
115 silly cache add   escapedName: 'bindings',
115 silly cache add   name: 'bindings',
115 silly cache add   rawSpec: '1.2.1',
115 silly cache add   spec: '1.2.1',
115 silly cache add   type: 'version' }
116 silly addNamed bindings@1.2.1
117 verbose addNamed "1.2.1" is a plain semver version for bindings
118 silly mapToRegistry name bindings
119 silly mapToRegistry using default registry
120 silly mapToRegistry registry https://registry.npmjs.org/
121 silly mapToRegistry data Result {
121 silly mapToRegistry   raw: 'bindings',
121 silly mapToRegistry   scope: null,
121 silly mapToRegistry   escapedName: 'bindings',
121 silly mapToRegistry   name: 'bindings',
121 silly mapToRegistry   rawSpec: '',
121 silly mapToRegistry   spec: 'latest',
121 silly mapToRegistry   type: 'tag' }
122 silly mapToRegistry uri https://registry.npmjs.org/bindings
123 verbose addNameVersion registry:https://registry.npmjs.org/bindings not in flight; fetching
124 silly cache afterAdd nan@2.3.5
125 verbose afterAdd /Users/miukki/.npm/nan/2.3.5/package/package.json not in flight; writing
126 verbose correctMkdir /Users/miukki/.npm correctMkdir not in flight; initializing
127 verbose get https://registry.npmjs.org/bindings not expired, no request
128 silly cache afterAdd bindings@1.2.1
129 verbose afterAdd /Users/miukki/.npm/bindings/1.2.1/package/package.json not in flight; writing
130 verbose correctMkdir /Users/miukki/.npm correctMkdir not in flight; initializing
131 verbose afterAdd /Users/miukki/.npm/nan/2.3.5/package/package.json written
132 verbose afterAdd /Users/miukki/.npm/bindings/1.2.1/package/package.json written
133 silly loadAllDepsIntoIdealTree Finishing
134 silly loadIdealTree Finishing
135 silly currentTree winery@
136 silly idealTree winery@
136 silly idealTree ├── bcrypt@0.8.7
136 silly idealTree ├── bindings@1.2.1
136 silly idealTree └── nan@2.3.5
137 silly generateActionsToTake Starting
138 silly install generateActionsToTake
139 silly generateActionsToTake Finishing
140 silly diffTrees action count 3
141 silly diffTrees add bindings@1.2.1
142 silly diffTrees add nan@2.3.5
143 silly diffTrees add bcrypt@0.8.7
144 silly decomposeActions action count 24
145 silly decomposeActions fetch bindings@1.2.1
146 silly decomposeActions extract bindings@1.2.1
147 silly decomposeActions test bindings@1.2.1
148 silly decomposeActions preinstall bindings@1.2.1
149 silly decomposeActions build bindings@1.2.1
150 silly decomposeActions install bindings@1.2.1
151 silly decomposeActions postinstall bindings@1.2.1
152 silly decomposeActions finalize bindings@1.2.1
153 silly decomposeActions fetch nan@2.3.5
154 silly decomposeActions extract nan@2.3.5
155 silly decomposeActions test nan@2.3.5
156 silly decomposeActions preinstall nan@2.3.5
157 silly decomposeActions build nan@2.3.5
158 silly decomposeActions install nan@2.3.5
159 silly decomposeActions postinstall nan@2.3.5
160 silly decomposeActions finalize nan@2.3.5
161 silly decomposeActions fetch bcrypt@0.8.7
162 silly decomposeActions extract bcrypt@0.8.7
163 silly decomposeActions test bcrypt@0.8.7
164 silly decomposeActions preinstall bcrypt@0.8.7
165 silly decomposeActions build bcrypt@0.8.7
166 silly decomposeActions install bcrypt@0.8.7
167 silly decomposeActions postinstall bcrypt@0.8.7
168 silly decomposeActions finalize bcrypt@0.8.7
169 silly executeActions Starting
170 silly install executeActions
171 silly doSerial global-install 0
172 silly doParallel fetch 3
173 verbose correctMkdir /Users/miukki/.npm/_locks correctMkdir not in flight; initializing
174 verbose lock using /Users/miukki/.npm/_locks/staging-6618f030c5a35f43.lock for /Users/miukki/Sites/winery/node_modules/.staging
175 silly doParallel extract 3
176 silly extract bindings@1.2.1
177 silly extract nan@2.3.5
178 silly extract bcrypt@0.8.7
179 verbose unbuild node_modules/.staging/bindings-2e2a80af
180 verbose unbuild node_modules/.staging/nan-e786d598
181 verbose unbuild node_modules/.staging/bcrypt-168f6e25
182 silly gentlyRm /Users/miukki/Sites/winery/node_modules/.staging/bindings-2e2a80af is being purged from base /Users/miukki/Sites/winery
183 verbose gentlyRm don't care about contents; nuking /Users/miukki/Sites/winery/node_modules/.staging/bindings-2e2a80af
184 silly gentlyRm /Users/miukki/Sites/winery/node_modules/.staging/nan-e786d598 is being purged from base /Users/miukki/Sites/winery
185 verbose gentlyRm don't care about contents; nuking /Users/miukki/Sites/winery/node_modules/.staging/nan-e786d598
186 verbose tar unpack /Users/miukki/.npm/bindings/1.2.1/package.tgz
187 verbose tar unpacking to /Users/miukki/Sites/winery/node_modules/.staging/bindings-2e2a80af
188 silly gentlyRm /Users/miukki/Sites/winery/node_modules/.staging/bindings-2e2a80af is being purged
189 verbose gentlyRm don't care about contents; nuking /Users/miukki/Sites/winery/node_modules/.staging/bindings-2e2a80af
190 verbose tar unpack /Users/miukki/.npm/nan/2.3.5/package.tgz
191 verbose tar unpacking to /Users/miukki/Sites/winery/node_modules/.staging/nan-e786d598
192 silly gentlyRm /Users/miukki/Sites/winery/node_modules/.staging/nan-e786d598 is being purged
193 verbose gentlyRm don't care about contents; nuking /Users/miukki/Sites/winery/node_modules/.staging/nan-e786d598
194 silly gentlyRm /Users/miukki/Sites/winery/node_modules/.staging/bcrypt-168f6e25 is being purged from base /Users/miukki/Sites/winery
195 verbose gentlyRm don't care about contents; nuking /Users/miukki/Sites/winery/node_modules/.staging/bcrypt-168f6e25
196 silly gunzTarPerm modes [ '755', '644' ]
197 silly gunzTarPerm modes [ '755', '644' ]
198 verbose tar unpack /Users/miukki/.npm/bcrypt/0.8.7/package.tgz
199 verbose tar unpacking to /Users/miukki/Sites/winery/node_modules/.staging/bcrypt-168f6e25
200 silly gentlyRm /Users/miukki/Sites/winery/node_modules/.staging/bcrypt-168f6e25 is being purged
201 verbose gentlyRm don't care about contents; nuking /Users/miukki/Sites/winery/node_modules/.staging/bcrypt-168f6e25
202 silly gunzTarPerm modes [ '755', '644' ]
203 silly gunzTarPerm extractEntry package.json
204 silly gunzTarPerm extractEntry package.json
205 silly gunzTarPerm modified mode [ 'package.json', 436, 420 ]
206 silly gunzTarPerm extractEntry package.json
207 silly gunzTarPerm extractEntry README.md
208 silly gunzTarPerm extractEntry bindings.js
209 silly gunzTarPerm extractEntry README.md
210 silly gunzTarPerm modified mode [ 'README.md', 436, 420 ]
211 silly gunzTarPerm extractEntry include_dirs.js
212 silly gunzTarPerm modified mode [ 'include_dirs.js', 436, 420 ]
213 silly gunzTarPerm extractEntry .npmignore
214 silly gunzTarPerm extractEntry README.md
215 silly gunzTarPerm extractEntry nan_converters.h
216 silly gunzTarPerm modified mode [ 'nan_converters.h', 436, 420 ]
217 silly gunzTarPerm extractEntry LICENSE.md
218 silly gunzTarPerm modified mode [ 'LICENSE.md', 436, 420 ]
219 silly gunzTarPerm extractEntry doc/node_misc.md
220 silly gunzTarPerm modified mode [ 'doc/node_misc.md', 436, 420 ]
221 silly gunzTarPerm extractEntry LICENSE
222 silly gunzTarPerm extractEntry bcrypt.js
223 silly gunzTarPerm extractEntry Makefile
224 silly gunzTarPerm extractEntry .travis.yml
225 silly gunzTarPerm extractEntry CHANGELOG.md
226 silly gunzTarPerm extractEntry binding.gyp
227 silly gunzTarPerm extractEntry examples/async_compare.js
228 silly gunzTarPerm extractEntry examples/forever_gen_salt.js
229 silly gunzTarPerm extractEntry test/async.js
230 silly gunzTarPerm extractEntry test/repetitions.js
231 silly gunzTarPerm extractEntry test/sync.js
232 silly gunzTarPerm extractEntry ISSUE_TEMPLATE.md
233 silly gunzTarPerm extractEntry src/bcrypt.cc
234 silly gunzTarPerm extractEntry src/bcrypt_node.cc
235 silly gunzTarPerm extractEntry src/blowfish.cc
236 silly gunzTarPerm extractEntry src/node_blf.h
237 silly gunzTarPerm extractEntry werker.yml
238 silly gunzTarPerm extractEntry doc/asyncworker.md
239 silly gunzTarPerm modified mode [ 'doc/asyncworker.md', 436, 420 ]
240 silly gunzTarPerm extractEntry doc/callback.md
241 silly gunzTarPerm modified mode [ 'doc/callback.md', 436, 420 ]
242 silly gunzTarPerm extractEntry doc/converters.md
243 silly gunzTarPerm modified mode [ 'doc/converters.md', 436, 420 ]
244 silly gunzTarPerm extractEntry doc/errors.md
245 silly gunzTarPerm modified mode [ 'doc/errors.md', 436, 420 ]
246 silly gunzTarPerm extractEntry doc/maybe_types.md
247 silly gunzTarPerm modified mode [ 'doc/maybe_types.md', 436, 420 ]
248 silly gunzTarPerm extractEntry doc/methods.md
249 silly gunzTarPerm modified mode [ 'doc/methods.md', 436, 420 ]
250 silly gunzTarPerm extractEntry doc/new.md
251 silly gunzTarPerm modified mode [ 'doc/new.md', 436, 420 ]
252 silly gentlyRm /Users/miukki/Sites/winery/node_modules/.staging/bindings-2e2a80af/node_modules is being purged
253 verbose gentlyRm don't care about contents; nuking /Users/miukki/Sites/winery/node_modules/.staging/bindings-2e2a80af/node_modules
254 silly gunzTarPerm extractEntry doc/buffers.md
255 silly gunzTarPerm modified mode [ 'doc/buffers.md', 436, 420 ]
256 silly gunzTarPerm extractEntry doc/object_wrappers.md
257 silly gunzTarPerm modified mode [ 'doc/object_wrappers.md', 436, 420 ]
258 silly gunzTarPerm extractEntry doc/persistent.md
259 silly gunzTarPerm modified mode [ 'doc/persistent.md', 436, 420 ]
260 silly gunzTarPerm extractEntry doc/scopes.md
261 silly gunzTarPerm modified mode [ 'doc/scopes.md', 436, 420 ]
262 silly gunzTarPerm extractEntry doc/script.md
263 silly gunzTarPerm modified mode [ 'doc/script.md', 436, 420 ]
264 silly gunzTarPerm extractEntry doc/string_bytes.md
265 silly gunzTarPerm modified mode [ 'doc/string_bytes.md', 436, 420 ]
266 silly gunzTarPerm extractEntry doc/v8_internals.md
267 silly gunzTarPerm modified mode [ 'doc/v8_internals.md', 436, 420 ]
268 silly gunzTarPerm extractEntry doc/v8_misc.md
269 silly gunzTarPerm modified mode [ 'doc/v8_misc.md', 436, 420 ]
270 silly gunzTarPerm extractEntry nan.h
271 silly gunzTarPerm modified mode [ 'nan.h', 436, 420 ]
272 silly gunzTarPerm extractEntry nan_callbacks.h
273 silly gunzTarPerm modified mode [ 'nan_callbacks.h', 436, 420 ]
274 silly gunzTarPerm extractEntry nan_callbacks_12_inl.h
275 silly gunzTarPerm modified mode [ 'nan_callbacks_12_inl.h', 436, 420 ]
276 silly gunzTarPerm extractEntry nan_callbacks_pre_12_inl.h
277 silly gunzTarPerm modified mode [ 'nan_callbacks_pre_12_inl.h', 436, 420 ]
278 silly gunzTarPerm extractEntry nan_converters_43_inl.h
279 silly gunzTarPerm modified mode [ 'nan_converters_43_inl.h', 436, 420 ]
280 silly gunzTarPerm extractEntry nan_converters_pre_43_inl.h
281 silly gunzTarPerm modified mode [ 'nan_converters_pre_43_inl.h', 436, 420 ]
282 silly gunzTarPerm extractEntry nan_implementation_12_inl.h
283 silly gunzTarPerm modified mode [ 'nan_implementation_12_inl.h', 436, 420 ]
284 silly gunzTarPerm extractEntry nan_implementation_pre_12_inl.h
285 silly gunzTarPerm modified mode [ 'nan_implementation_pre_12_inl.h', 436, 420 ]
286 silly gunzTarPerm extractEntry nan_maybe_43_inl.h
287 silly gunzTarPerm modified mode [ 'nan_maybe_43_inl.h', 436, 420 ]
288 silly gunzTarPerm extractEntry nan_maybe_pre_43_inl.h
289 silly gunzTarPerm modified mode [ 'nan_maybe_pre_43_inl.h', 436, 420 ]
290 silly gunzTarPerm extractEntry nan_new.h
291 silly gunzTarPerm modified mode [ 'nan_new.h', 436, 420 ]
292 silly gunzTarPerm extractEntry nan_object_wrap.h
293 silly gunzTarPerm modified mode [ 'nan_object_wrap.h', 436, 420 ]
294 silly gunzTarPerm extractEntry nan_persistent_12_inl.h
295 silly gunzTarPerm modified mode [ 'nan_persistent_12_inl.h', 436, 420 ]
296 silly gunzTarPerm extractEntry nan_persistent_pre_12_inl.h
297 silly gunzTarPerm modified mode [ 'nan_persistent_pre_12_inl.h', 436, 420 ]
298 silly gunzTarPerm extractEntry nan_string_bytes.h
299 silly gunzTarPerm modified mode [ 'nan_string_bytes.h', 436, 420 ]
300 silly gunzTarPerm extractEntry nan_typedarray_contents.h
301 silly gunzTarPerm modified mode [ 'nan_typedarray_contents.h', 436, 420 ]
302 silly gunzTarPerm extractEntry nan_weak.h
303 silly gunzTarPerm modified mode [ 'nan_weak.h', 436, 420 ]
304 silly gunzTarPerm extractEntry CHANGELOG.md
305 silly gunzTarPerm modified mode [ 'CHANGELOG.md', 436, 420 ]
306 silly gunzTarPerm extractEntry tools/package.json
307 silly gunzTarPerm modified mode [ 'tools/package.json', 436, 420 ]
308 silly gunzTarPerm extractEntry tools/README.md
309 silly gunzTarPerm modified mode [ 'tools/README.md', 436, 420 ]
310 silly gunzTarPerm extractEntry tools/1to2.js
311 silly gunzTarPerm modified mode [ 'tools/1to2.js', 509, 493 ]
312 silly gentlyRm /Users/miukki/Sites/winery/node_modules/.staging/bcrypt-168f6e25/node_modules is being purged
313 verbose gentlyRm don't care about contents; nuking /Users/miukki/Sites/winery/node_modules/.staging/bcrypt-168f6e25/node_modules
314 silly gentlyRm /Users/miukki/Sites/winery/node_modules/.staging/nan-e786d598/node_modules is being purged
315 verbose gentlyRm don't care about contents; nuking /Users/miukki/Sites/winery/node_modules/.staging/nan-e786d598/node_modules
316 silly doParallel preinstall 3
317 silly preinstall bindings@1.2.1 /Users/miukki/Sites/winery/node_modules/.staging/bindings-2e2a80af
318 info lifecycle bindings@1.2.1~preinstall: bindings@1.2.1
319 silly preinstall nan@2.3.5 /Users/miukki/Sites/winery/node_modules/.staging/nan-e786d598
320 info lifecycle nan@2.3.5~preinstall: nan@2.3.5
321 silly preinstall bcrypt@0.8.7 /Users/miukki/Sites/winery/node_modules/.staging/bcrypt-168f6e25
322 info lifecycle bcrypt@0.8.7~preinstall: bcrypt@0.8.7
323 silly lifecycle bindings@1.2.1~preinstall: no script for preinstall, continuing
324 silly lifecycle nan@2.3.5~preinstall: no script for preinstall, continuing
325 silly lifecycle bcrypt@0.8.7~preinstall: no script for preinstall, continuing
326 silly doReverseSerial remove 0
327 silly doSerial move 0
328 silly doSerial finalize 3
329 silly finalize /Users/miukki/Sites/winery/node_modules/bindings
330 silly finalize /Users/miukki/Sites/winery/node_modules/nan
331 silly finalize /Users/miukki/Sites/winery/node_modules/bcrypt
332 silly doSerial build 3
333 silly build bindings@1.2.1
334 info linkStuff bindings@1.2.1
335 silly linkStuff bindings@1.2.1 has /Users/miukki/Sites/winery/node_modules as its parent node_modules
336 verbose linkBins bindings@1.2.1
337 verbose linkMans bindings@1.2.1
338 silly build nan@2.3.5
339 info linkStuff nan@2.3.5
340 silly linkStuff nan@2.3.5 has /Users/miukki/Sites/winery/node_modules as its parent node_modules
341 verbose linkBins nan@2.3.5
342 verbose linkMans nan@2.3.5
343 silly build bcrypt@0.8.7
344 info linkStuff bcrypt@0.8.7
345 silly linkStuff bcrypt@0.8.7 has /Users/miukki/Sites/winery/node_modules as its parent node_modules
346 verbose linkBins bcrypt@0.8.7
347 verbose linkMans bcrypt@0.8.7
348 silly doSerial global-link 0
349 silly doParallel update-linked 0
350 silly doSerial install 3
351 silly install bindings@1.2.1 /Users/miukki/Sites/winery/node_modules/.staging/bindings-2e2a80af
352 info lifecycle bindings@1.2.1~install: bindings@1.2.1
353 silly lifecycle bindings@1.2.1~install: no script for install, continuing
354 silly install nan@2.3.5 /Users/miukki/Sites/winery/node_modules/.staging/nan-e786d598
355 info lifecycle nan@2.3.5~install: nan@2.3.5
356 silly lifecycle nan@2.3.5~install: no script for install, continuing
357 silly install bcrypt@0.8.7 /Users/miukki/Sites/winery/node_modules/.staging/bcrypt-168f6e25
358 info lifecycle bcrypt@0.8.7~install: bcrypt@0.8.7
359 verbose lifecycle bcrypt@0.8.7~install: unsafe-perm in lifecycle true
360 verbose lifecycle bcrypt@0.8.7~install: PATH: /Users/miukki/.meteor/packages/meteor-tool/.1.4.1_1.16vitpk++os.osx.x86_64+web.browser+web.cordova/mt-os.osx.x86_64/dev_bundle/lib/node_modules/npm/bin/node-gyp-bin:/Users/miukki/Sites/winery/node_modules/bcrypt/node_modules/.bin:/Users/miukki/Sites/winery/node_modules/.bin:/Users/miukki/.meteor/packages/meteor-tool/.1.4.1_1.16vitpk++os.osx.x86_64+web.browser+web.cordova/mt-os.osx.x86_64/dev_bundle/bin:/Users/miukki/.meteor/packages/meteor-tool/.1.4.1_1.16vitpk++os.osx.x86_64+web.browser+web.cordova/mt-os.osx.x86_64/dev_bundle/lib/node_modules/.bin:/usr/local/bin:/usr/bin:/bin:/usr/sbin:/sbin
361 verbose lifecycle bcrypt@0.8.7~install: CWD: /Users/miukki/Sites/winery/node_modules/bcrypt
362 silly lifecycle bcrypt@0.8.7~install: Args: [ '-c', 'node-gyp rebuild' ]
363 silly lifecycle bcrypt@0.8.7~install: Returned: code: 1  signal: null
364 info lifecycle bcrypt@0.8.7~install: Failed to exec install script
365 verbose unlock done using /Users/miukki/.npm/_locks/staging-6618f030c5a35f43.lock for /Users/miukki/Sites/winery/node_modules/.staging
366 silly rollbackFailedOptional Starting
367 silly rollbackFailedOptional Finishing
368 silly runTopLevelLifecycles Starting
369 silly runTopLevelLifecycles Finishing
370 silly install printInstalled
371 verbose stack Error: bcrypt@0.8.7 install: `node-gyp rebuild`
371 verbose stack Exit status 1
371 verbose stack     at EventEmitter.<anonymous> (/Users/miukki/.meteor/packages/meteor-tool/.1.4.1_1.16vitpk++os.osx.x86_64+web.browser+web.cordova/mt-os.osx.x86_64/dev_bundle/lib/node_modules/npm/lib/utils/lifecycle.js:255:16)
371 verbose stack     at emitTwo (events.js:87:13)
371 verbose stack     at EventEmitter.emit (events.js:172:7)
371 verbose stack     at ChildProcess.<anonymous> (/Users/miukki/.meteor/packages/meteor-tool/.1.4.1_1.16vitpk++os.osx.x86_64+web.browser+web.cordova/mt-os.osx.x86_64/dev_bundle/lib/node_modules/npm/lib/utils/spawn.js:40:14)
371 verbose stack     at emitTwo (events.js:87:13)
371 verbose stack     at ChildProcess.emit (events.js:172:7)
371 verbose stack     at maybeClose (internal/child_process.js:829:16)
371 verbose stack     at Process.ChildProcess._handle.onexit (internal/child_process.js:211:5)
372 verbose pkgid bcrypt@0.8.7
373 verbose cwd /Users/miukki/Sites/winery
374 error Darwin 15.4.0
375 error argv "/Users/miukki/.meteor/packages/meteor-tool/.1.4.1_1.16vitpk++os.osx.x86_64+web.browser+web.cordova/mt-os.osx.x86_64/dev_bundle/bin/node" "/Users/miukki/.meteor/packages/meteor-tool/.1.4.1_1.16vitpk++os.osx.x86_64+web.browser+web.cordova/mt-os.osx.x86_64/dev_bundle/bin/npm" "install" "--save" "bcrypt"
376 error node v4.5.0
377 error npm  v3.10.6
378 error code ELIFECYCLE
379 error bcrypt@0.8.7 install: `node-gyp rebuild`
379 error Exit status 1
380 error Failed at the bcrypt@0.8.7 install script 'node-gyp rebuild'.
380 error Make sure you have the latest version of node.js and npm installed.
380 error If you do, this is most likely a problem with the bcrypt package,
380 error not with npm itself.
380 error Tell the author that this fails on your system:
380 error     node-gyp rebuild
380 error You can get information on how to open an issue for this project with:
380 error     npm bugs bcrypt
380 error Or if that isn't available, you can get their info via:
380 error     npm owner ls bcrypt
380 error There is likely additional logging output above.
381 verbose exit [ 1, true ]
